<?xml version="1.0" encoding="UTF-8"?>
<robot generator="Robot 4.1.1 (Python 3.9.7 on win32)" generated="20210917 10:55:27.632" rpa="false" schemaversion="2">
<suite id="s1" name="Select" source="C:\qaninja\robot\web\tests\select.robot">
<test id="s1-t1" name="Selecionar por Texto e validar pelo Valor">
<kw name="Nova sessão" library="base" type="SETUP">
<kw name="Open Browser" library="SeleniumLibrary">
<arg>${url}</arg>
<arg>chrome</arg>
<doc>Opens a new browser instance to the optional ``url``.</doc>
<msg timestamp="20210917 10:55:27.928" level="INFO">Opening browser 'chrome' to base url 'https://training-wheels-protocol.herokuapp.com'.</msg>
<status status="PASS" starttime="20210917 10:55:27.928" endtime="20210917 10:55:34.114"/>
</kw>
<status status="PASS" starttime="20210917 10:55:27.928" endtime="20210917 10:55:34.114"/>
</kw>
<kw name="Go To" library="SeleniumLibrary">
<arg>${url}/dropdown</arg>
<doc>Navigates the current browser window to the provided ``url``.</doc>
<msg timestamp="20210917 10:55:34.117" level="INFO">Opening url 'https://training-wheels-protocol.herokuapp.com/dropdown'</msg>
<status status="PASS" starttime="20210917 10:55:34.116" endtime="20210917 10:55:34.463"/>
</kw>
<kw name="Select From List By Label" library="SeleniumLibrary">
<arg>class:avenger-list</arg>
<arg>Scott Lang</arg>
<doc>Selects options from selection list ``locator`` by ``labels``.</doc>
<msg timestamp="20210917 10:55:34.464" level="INFO">Selecting options from selection list 'class:avenger-list' by label Scott Lang.</msg>
<status status="PASS" starttime="20210917 10:55:34.463" endtime="20210917 10:55:34.542"/>
</kw>
<kw name="Get Selected List Value" library="SeleniumLibrary">
<var>${selected}</var>
<arg>class:avenger-list</arg>
<doc>Returns the value of selected option from selection list ``locator``.</doc>
<msg timestamp="20210917 10:55:34.651" level="INFO">${selected} = 7</msg>
<status status="PASS" starttime="20210917 10:55:34.542" endtime="20210917 10:55:34.651"/>
</kw>
<kw name="Should Be Equal" library="BuiltIn">
<arg>${selected}</arg>
<arg>7</arg>
<doc>Fails if the given objects are unequal.</doc>
<status status="PASS" starttime="20210917 10:55:34.651" endtime="20210917 10:55:34.652"/>
</kw>
<kw name="Encerrar sessão" library="base" type="TEARDOWN">
<kw name="Capture Page Screenshot" library="SeleniumLibrary">
<doc>Takes a screenshot of the current page and embeds it into a log file.</doc>
<msg timestamp="20210917 10:55:34.843" level="INFO" html="true">&lt;/td&gt;&lt;/tr&gt;&lt;tr&gt;&lt;td colspan="3"&gt;&lt;a href="selenium-screenshot-25.png"&gt;&lt;img src="selenium-screenshot-25.png" width="800px"&gt;&lt;/a&gt;</msg>
<status status="PASS" starttime="20210917 10:55:34.653" endtime="20210917 10:55:34.843"/>
</kw>
<kw name="Close Browser" library="SeleniumLibrary">
<doc>Closes the current browser.</doc>
<status status="PASS" starttime="20210917 10:55:34.844" endtime="20210917 10:55:37.081"/>
</kw>
<status status="PASS" starttime="20210917 10:55:34.653" endtime="20210917 10:55:37.081"/>
</kw>
<status status="PASS" starttime="20210917 10:55:27.928" endtime="20210917 10:55:37.081"/>
</test>
<test id="s1-t2" name="Selecionar pelo valor e validar pelo Texto">
<kw name="Nova sessão" library="base" type="SETUP">
<kw name="Open Browser" library="SeleniumLibrary">
<arg>${url}</arg>
<arg>chrome</arg>
<doc>Opens a new browser instance to the optional ``url``.</doc>
<msg timestamp="20210917 10:55:37.081" level="INFO">Opening browser 'chrome' to base url 'https://training-wheels-protocol.herokuapp.com'.</msg>
<status status="PASS" starttime="20210917 10:55:37.081" endtime="20210917 10:55:41.660"/>
</kw>
<status status="PASS" starttime="20210917 10:55:37.081" endtime="20210917 10:55:41.660"/>
</kw>
<kw name="Go To" library="SeleniumLibrary">
<arg>${url}/dropdown</arg>
<doc>Navigates the current browser window to the provided ``url``.</doc>
<msg timestamp="20210917 10:55:41.666" level="INFO">Opening url 'https://training-wheels-protocol.herokuapp.com/dropdown'</msg>
<status status="PASS" starttime="20210917 10:55:41.665" endtime="20210917 10:55:42.010"/>
</kw>
<kw name="Select From List By Value" library="SeleniumLibrary">
<arg>id:dropdown</arg>
<arg>6</arg>
<doc>Selects options from selection list ``locator`` by ``values``.</doc>
<msg timestamp="20210917 10:55:42.011" level="INFO">Selecting options from selection list 'id:dropdown' by value 6.</msg>
<status status="PASS" starttime="20210917 10:55:42.010" endtime="20210917 10:55:42.079"/>
</kw>
<kw name="Get Selected List Label" library="SeleniumLibrary">
<var>${selected}</var>
<arg>id:dropdown</arg>
<doc>Returns the label of selected option from selection list ``locator``.</doc>
<msg timestamp="20210917 10:55:42.210" level="INFO">${selected} = Loki</msg>
<status status="PASS" starttime="20210917 10:55:42.079" endtime="20210917 10:55:42.210"/>
</kw>
<kw name="Should Be Equal" library="BuiltIn">
<arg>${selected}</arg>
<arg>Loki</arg>
<doc>Fails if the given objects are unequal.</doc>
<status status="PASS" starttime="20210917 10:55:42.210" endtime="20210917 10:55:42.210"/>
</kw>
<kw name="Encerrar sessão" library="base" type="TEARDOWN">
<kw name="Capture Page Screenshot" library="SeleniumLibrary">
<doc>Takes a screenshot of the current page and embeds it into a log file.</doc>
<msg timestamp="20210917 10:55:42.371" level="INFO" html="true">&lt;/td&gt;&lt;/tr&gt;&lt;tr&gt;&lt;td colspan="3"&gt;&lt;a href="selenium-screenshot-26.png"&gt;&lt;img src="selenium-screenshot-26.png" width="800px"&gt;&lt;/a&gt;</msg>
<status status="PASS" starttime="20210917 10:55:42.210" endtime="20210917 10:55:42.372"/>
</kw>
<kw name="Close Browser" library="SeleniumLibrary">
<doc>Closes the current browser.</doc>
<status status="PASS" starttime="20210917 10:55:42.372" endtime="20210917 10:55:45.618"/>
</kw>
<status status="PASS" starttime="20210917 10:55:42.210" endtime="20210917 10:55:45.618"/>
</kw>
<status status="PASS" starttime="20210917 10:55:37.081" endtime="20210917 10:55:45.619"/>
</test>
<status status="PASS" starttime="20210917 10:55:27.648" endtime="20210917 10:55:45.621"/>
</suite>
<statistics>
<total>
<stat pass="2" fail="0" skip="0">All Tests</stat>
</total>
<tag>
</tag>
<suite>
<stat pass="2" fail="0" skip="0" id="s1" name="Select">Select</stat>
</suite>
</statistics>
<errors>
</errors>
</robot>
