<?xml version="1.0" encoding="UTF-8"?>
<robot generator="Robot 4.1.1 (Python 3.9.7 on win32)" generated="20210916 11:48:35.710" rpa="false" schemaversion="2">
<suite id="s1" name="Test" source="c:\qaninja\robot\test.robot">
<test id="s1-t1" name="Deve retornar mensagem de Boas Vindas">
<kw name="Welcome" library="app">
<var>${result}</var>
<arg>Renan</arg>
<msg timestamp="20210916 11:48:35.750" level="INFO">${result} = Olá Renan, ben vindo ao Curso Básico Robot Framework!</msg>
<status status="PASS" starttime="20210916 11:48:35.749" endtime="20210916 11:48:35.750"/>
</kw>
<kw name="Should Be Equal" library="BuiltIn">
<arg>${result}</arg>
<arg>Olá Renan, bem vindo ao Curso Básico Robot Framework!</arg>
<doc>Fails if the given objects are unequal.</doc>
<msg timestamp="20210916 11:48:35.752" level="FAIL">Olá Renan, ben vindo ao Curso Básico Robot Framework! != Olá Renan, bem vindo ao Curso Básico Robot Framework!</msg>
<status status="FAIL" starttime="20210916 11:48:35.751" endtime="20210916 11:48:35.752"/>
</kw>
<status status="FAIL" starttime="20210916 11:48:35.748" endtime="20210916 11:48:35.753">Olá Renan, ben vindo ao Curso Básico Robot Framework! != Olá Renan, bem vindo ao Curso Básico Robot Framework!</status>
</test>
<status status="FAIL" starttime="20210916 11:48:35.712" endtime="20210916 11:48:35.755"/>
</suite>
<statistics>
<total>
<stat pass="0" fail="1" skip="0">All Tests</stat>
</total>
<tag>
</tag>
<suite>
<stat pass="0" fail="1" skip="0" id="s1" name="Test">Test</stat>
</suite>
</statistics>
<errors>
</errors>
</robot>
