<?xml version="1.0" encoding="UTF-8"?>
<robot generator="Robot 4.1.1 (Python 3.9.7 on win32)" generated="20210916 17:09:00.071" rpa="false" schemaversion="2">
<suite id="s1" name="Tests" source="c:\qaninja\robot\web\tests">
<suite id="s1-s1" name="Checkbox" source="c:\qaninja\robot\web\tests\checkbox.robot">
<test id="s1-s1-t1" name="Marcando opção com Id">
<kw name="Nova sessão" library="base" type="SETUP">
<kw name="Open Browser" library="SeleniumLibrary">
<arg>${url}</arg>
<arg>chrome</arg>
<doc>Opens a new browser instance to the optional ``url``.</doc>
<msg timestamp="20210916 17:09:00.321" level="INFO">Opening browser 'chrome' to base url 'https://training-wheels-protocol.herokuapp.com'.</msg>
<status status="PASS" starttime="20210916 17:09:00.321" endtime="20210916 17:09:05.676"/>
</kw>
<status status="PASS" starttime="20210916 17:09:00.321" endtime="20210916 17:09:05.677"/>
</kw>
<kw name="Go To" library="SeleniumLibrary">
<arg>${url}/checkboxes</arg>
<doc>Navigates the current browser window to the provided ``url``.</doc>
<msg timestamp="20210916 17:09:05.679" level="INFO">Opening url 'https://training-wheels-protocol.herokuapp.com/checkboxes'</msg>
<status status="PASS" starttime="20210916 17:09:05.678" endtime="20210916 17:09:06.012"/>
</kw>
<kw name="Select Checkbox" library="SeleniumLibrary">
<arg>${Check_thor}</arg>
<doc>Selects the checkbox identified by ``locator``.</doc>
<msg timestamp="20210916 17:09:06.013" level="INFO">Selecting checkbox 'id:thor'.</msg>
<status status="PASS" starttime="20210916 17:09:06.013" endtime="20210916 17:09:06.097"/>
</kw>
<kw name="Checkbox Should Be Selected" library="SeleniumLibrary">
<arg>${Check_thor}</arg>
<doc>Verifies checkbox ``locator`` is selected/checked.</doc>
<msg timestamp="20210916 17:09:06.098" level="INFO">Verifying checkbox 'id:thor' is selected.</msg>
<status status="PASS" starttime="20210916 17:09:06.097" endtime="20210916 17:09:06.119"/>
</kw>
<kw name="Sleep" library="BuiltIn">
<arg>2</arg>
<doc>Pauses the test executed for the given time.</doc>
<msg timestamp="20210916 17:09:08.121" level="INFO">Slept 2 seconds</msg>
<status status="PASS" starttime="20210916 17:09:06.119" endtime="20210916 17:09:08.121"/>
</kw>
<kw name="Encerrar sessão" library="base" type="TEARDOWN">
<kw name="Close Browser" library="SeleniumLibrary">
<doc>Closes the current browser.</doc>
<status status="PASS" starttime="20210916 17:09:08.121" endtime="20210916 17:09:11.351"/>
</kw>
<status status="PASS" starttime="20210916 17:09:08.121" endtime="20210916 17:09:11.351"/>
</kw>
<status status="PASS" starttime="20210916 17:09:00.321" endtime="20210916 17:09:11.351"/>
</test>
<test id="s1-s1-t2" name="Marcando opção com CSS Selector">
<kw name="Nova sessão" library="base" type="SETUP">
<kw name="Open Browser" library="SeleniumLibrary">
<arg>${url}</arg>
<arg>chrome</arg>
<doc>Opens a new browser instance to the optional ``url``.</doc>
<msg timestamp="20210916 17:09:11.351" level="INFO">Opening browser 'chrome' to base url 'https://training-wheels-protocol.herokuapp.com'.</msg>
<status status="PASS" starttime="20210916 17:09:11.351" endtime="20210916 17:09:16.309"/>
</kw>
<status status="PASS" starttime="20210916 17:09:11.351" endtime="20210916 17:09:16.309"/>
</kw>
<kw name="Go To" library="SeleniumLibrary">
<arg>${url}/checkboxes</arg>
<doc>Navigates the current browser window to the provided ``url``.</doc>
<msg timestamp="20210916 17:09:16.310" level="INFO">Opening url 'https://training-wheels-protocol.herokuapp.com/checkboxes'</msg>
<status status="PASS" starttime="20210916 17:09:16.310" endtime="20210916 17:09:16.638"/>
</kw>
<kw name="Select Checkbox" library="SeleniumLibrary">
<arg>${Check_iron}</arg>
<doc>Selects the checkbox identified by ``locator``.</doc>
<msg timestamp="20210916 17:09:16.639" level="INFO">Selecting checkbox 'css:input[value='iron-man']'.</msg>
<status status="PASS" starttime="20210916 17:09:16.639" endtime="20210916 17:09:16.720"/>
</kw>
<kw name="Checkbox Should Be Selected" library="SeleniumLibrary">
<arg>${Check_iron}</arg>
<doc>Verifies checkbox ``locator`` is selected/checked.</doc>
<msg timestamp="20210916 17:09:16.721" level="INFO">Verifying checkbox 'css:input[value='iron-man']' is selected.</msg>
<status status="PASS" starttime="20210916 17:09:16.720" endtime="20210916 17:09:16.739"/>
</kw>
<kw name="Sleep" library="BuiltIn">
<arg>2</arg>
<doc>Pauses the test executed for the given time.</doc>
<msg timestamp="20210916 17:09:18.751" level="INFO">Slept 2 seconds</msg>
<status status="PASS" starttime="20210916 17:09:16.740" endtime="20210916 17:09:18.751"/>
</kw>
<kw name="Encerrar sessão" library="base" type="TEARDOWN">
<kw name="Close Browser" library="SeleniumLibrary">
<doc>Closes the current browser.</doc>
<status status="PASS" starttime="20210916 17:09:18.751" endtime="20210916 17:09:21.029"/>
</kw>
<status status="PASS" starttime="20210916 17:09:18.751" endtime="20210916 17:09:21.029"/>
</kw>
<status status="PASS" starttime="20210916 17:09:11.351" endtime="20210916 17:09:21.029"/>
</test>
<test id="s1-s1-t3" name="Marcando opção com Xpath">
<kw name="Nova sessão" library="base" type="SETUP">
<kw name="Open Browser" library="SeleniumLibrary">
<arg>${url}</arg>
<arg>chrome</arg>
<doc>Opens a new browser instance to the optional ``url``.</doc>
<msg timestamp="20210916 17:09:21.029" level="INFO">Opening browser 'chrome' to base url 'https://training-wheels-protocol.herokuapp.com'.</msg>
<status status="PASS" starttime="20210916 17:09:21.029" endtime="20210916 17:09:26.303"/>
</kw>
<status status="PASS" starttime="20210916 17:09:21.029" endtime="20210916 17:09:26.303"/>
</kw>
<kw name="Go To" library="SeleniumLibrary">
<arg>${url}/checkboxes</arg>
<doc>Navigates the current browser window to the provided ``url``.</doc>
<msg timestamp="20210916 17:09:26.304" level="INFO">Opening url 'https://training-wheels-protocol.herokuapp.com/checkboxes'</msg>
<status status="PASS" starttime="20210916 17:09:26.304" endtime="20210916 17:09:26.689"/>
</kw>
<kw name="Select Checkbox" library="SeleniumLibrary">
<arg>${Check_panther}</arg>
<doc>Selects the checkbox identified by ``locator``.</doc>
<msg timestamp="20210916 17:09:26.690" level="INFO">Selecting checkbox 'xpath://*[@id='checkboxes']/input[7]'.</msg>
<status status="PASS" starttime="20210916 17:09:26.690" endtime="20210916 17:09:26.772"/>
</kw>
<kw name="Checkbox Should Be Selected" library="SeleniumLibrary">
<arg>${Check_panther}</arg>
<doc>Verifies checkbox ``locator`` is selected/checked.</doc>
<msg timestamp="20210916 17:09:26.773" level="INFO">Verifying checkbox 'xpath://*[@id='checkboxes']/input[7]' is selected.</msg>
<status status="PASS" starttime="20210916 17:09:26.772" endtime="20210916 17:09:26.794"/>
</kw>
<kw name="Encerrar sessão" library="base" type="TEARDOWN">
<kw name="Close Browser" library="SeleniumLibrary">
<doc>Closes the current browser.</doc>
<status status="PASS" starttime="20210916 17:09:26.795" endtime="20210916 17:09:29.063"/>
</kw>
<status status="PASS" starttime="20210916 17:09:26.795" endtime="20210916 17:09:29.063"/>
</kw>
<status status="PASS" starttime="20210916 17:09:21.029" endtime="20210916 17:09:29.063"/>
</test>
<status status="PASS" starttime="20210916 17:09:00.102" endtime="20210916 17:09:29.063"/>
</suite>
<suite id="s1-s2" name="Title" source="c:\qaninja\robot\web\tests\title.robot">
<test id="s1-s2-t1" name="Should See Page Title">
<kw name="Title Should Be" library="SeleniumLibrary">
<arg>Training Wheels Protocol</arg>
<doc>Verifies that the current page title equals ``title``.</doc>
<kw name="Capture Page Screenshot" library="SeleniumLibrary">
<doc>Takes a screenshot of the current page and embeds it into a log file.</doc>
<msg timestamp="20210916 17:09:29.063" level="INFO">Cannot capture screenshot because no browser is open.</msg>
<status status="PASS" starttime="20210916 17:09:29.063" endtime="20210916 17:09:29.063"/>
</kw>
<msg timestamp="20210916 17:09:29.063" level="FAIL">No browser is open.</msg>
<status status="FAIL" starttime="20210916 17:09:29.063" endtime="20210916 17:09:29.063"/>
</kw>
<status status="FAIL" starttime="20210916 17:09:29.063" endtime="20210916 17:09:29.063">No browser is open.</status>
</test>
<status status="FAIL" starttime="20210916 17:09:29.063" endtime="20210916 17:09:29.079"/>
</suite>
<status status="FAIL" starttime="20210916 17:09:00.071" endtime="20210916 17:09:29.079"/>
</suite>
<statistics>
<total>
<stat pass="3" fail="1" skip="0">All Tests</stat>
</total>
<tag>
</tag>
<suite>
<stat pass="3" fail="1" skip="0" id="s1" name="Tests">Tests</stat>
<stat pass="3" fail="0" skip="0" id="s1-s1" name="Checkbox">Tests.Checkbox</stat>
<stat pass="0" fail="1" skip="0" id="s1-s2" name="Title">Tests.Title</stat>
</suite>
</statistics>
<errors>
</errors>
</robot>
